clouder-watch/clouder-sync/build/outputs/logs/manifest-merger-debug-report.txt
-- Merging decision tree log ---
manifest
ADDED from AndroidManifest.xml:2:1
	android:sharedUserId
		ADDED from AndroidManifest.xml:5:5
	xmlns:android
		ADDED from AndroidManifest.xml:4:5
	package
		ADDED from AndroidManifest.xml:3:5
		INJECTED from AndroidManifest.xml:0:0
		INJECTED from AndroidManifest.xml:0:0
	android:versionName
		INJECTED from AndroidManifest.xml:0:0
		INJECTED from AndroidManifest.xml:0:0
	android:versionCode
		INJECTED from AndroidManifest.xml:0:0
		INJECTED from AndroidManifest.xml:0:0
uses-permission#android.permission.SET_TIME
ADDED from AndroidManifest.xml:7:5
	android:name
		ADDED from AndroidManifest.xml:7:22
uses-permission#android.permission.SET_TIME_ZONE
ADDED from AndroidManifest.xml:8:5
	android:name
		ADDED from AndroidManifest.xml:8:22
uses-permission#android.permission.READ_CALL_LOG
ADDED from AndroidManifest.xml:9:5
	android:name
		ADDED from AndroidManifest.xml:9:22
uses-permission#android.permission.READ_CONTACTS
ADDED from AndroidManifest.xml:10:5
	android:name
		ADDED from AndroidManifest.xml:10:22
uses-permission#android.permission.WRITE_EXTERNAL_STORAGE
ADDED from AndroidManifest.xml:11:5
	android:name
		ADDED from AndroidManifest.xml:11:22
uses-permission#android.permission.WRITE_CALL_LOG
ADDED from AndroidManifest.xml:12:5
	android:name
		ADDED from AndroidManifest.xml:12:22
uses-permission#android.permission.WRITE_CONTACTS
ADDED from AndroidManifest.xml:13:5
	android:name
		ADDED from AndroidManifest.xml:13:22
uses-permission#android.permission.SYSTEM_ALERT_WINDOW
ADDED from AndroidManifest.xml:14:5
	android:name
		ADDED from AndroidManifest.xml:14:22
uses-permission#android.permission.WRITE_SETTINGS
ADDED from AndroidManifest.xml:15:5
	android:name
		ADDED from AndroidManifest.xml:15:22
application
ADDED from AndroidManifest.xml:17:5
MERGED from clouder-watch:clouder-common:unspecified:17:5
MERGED from com.android.support:support-v4:22.2.0:22:5
MERGED from de.hdodenhof:circleimageview:1.3.0:9:5
MERGED from com.github.yoojia:zxing:0.3:11:5
MERGED from com.google.android.support:wearable:1.2.0:8:5
MERGED from com.android.support:recyclerview-v7:22.0.0:22:5
MERGED from com.android.support:support-v4:22.2.0:22:5
MERGED from com.android.support:support-v4:22.2.0:22:5
	android:label
		ADDED from AndroidManifest.xml:20:9
	android:allowBackup
		ADDED from AndroidManifest.xml:18:9
	android:icon
		ADDED from AndroidManifest.xml:19:9
	android:theme
		ADDED from AndroidManifest.xml:21:9
activity#com.clouder.watch.mobile.TestActivity
ADDED from AndroidManifest.xml:23:9
	android:name
		ADDED from AndroidManifest.xml:24:13
	android:launchMode
		ADDED from AndroidManifest.xml:25:13
activity#com.clouder.watch.mobile.notification.NotificationActivity
ADDED from AndroidManifest.xml:27:9
	android:excludeFromRecents
		ADDED from AndroidManifest.xml:29:13
	android:name
		ADDED from AndroidManifest.xml:28:13
	android:launchMode
		ADDED from AndroidManifest.xml:30:13
activity#com.clouder.watch.mobile.notification2.NotificationSingleActivity
ADDED from AndroidManifest.xml:32:9
	android:excludeFromRecents
		ADDED from AndroidManifest.xml:34:13
	android:name
		ADDED from AndroidManifest.xml:33:13
	android:launchMode
		ADDED from AndroidManifest.xml:35:13
activity#com.clouder.watch.mobile.notification2.NotificationDetailActivity
ADDED from AndroidManifest.xml:37:9
	android:name
		ADDED from AndroidManifest.xml:38:13
	android:launchMode
		ADDED from AndroidManifest.xml:39:13
activity#com.clouder.watch.mobile.notification2.NotificationListActivity
ADDED from AndroidManifest.xml:41:9
	android:theme
		ADDED from AndroidManifest.xml:43:60
	android:name
		ADDED from AndroidManifest.xml:42:13
	android:launchMode
		ADDED from AndroidManifest.xml:43:13
service#com.clouder.watch.mobile.SyncService
ADDED from AndroidManifest.xml:45:9
	android:name
		ADDED from AndroidManifest.xml:45:18
service#com.clouder.watch.mobile.notification.SyncNotificationService
ADDED from AndroidManifest.xml:46:9
	android:name
		ADDED from AndroidManifest.xml:46:18
service#com.clouder.watch.mobile.CallMessageListenerService
ADDED from AndroidManifest.xml:47:9
	android:name
		ADDED from AndroidManifest.xml:47:18
service#com.clouder.watch.mobile.SyncContactsListenerService
ADDED from AndroidManifest.xml:48:9
	android:name
		ADDED from AndroidManifest.xml:48:18
service#com.clouder.watch.mobile.notification2.NotificationListenerService
ADDED from AndroidManifest.xml:58:9
	android:name
		ADDED from AndroidManifest.xml:58:18
uses-sdk
INJECTED from AndroidManifest.xml:0:0 reason: use-sdk injection requested
MERGED from clouder-watch:clouder-common:unspecified:7:5
MERGED from com.android.support:support-v4:22.2.0:20:5
MERGED from de.hdodenhof:circleimageview:1.3.0:5:5
MERGED from com.github.yoojia:zxing:0.3:7:5
MERGED from com.google.android.support:wearable:1.2.0:4:5
MERGED from com.android.support:recyclerview-v7:22.0.0:20:5
MERGED from com.android.support:support-v4:22.2.0:20:5
MERGED from com.android.support:support-v4:22.2.0:20:5
	android:targetSdkVersion
		INJECTED from AndroidManifest.xml:0:0
		INJECTED from AndroidManifest.xml:0:0
	android:minSdkVersion
		INJECTED from AndroidManifest.xml:0:0
		INJECTED from AndroidManifest.xml:0:0
uses-permission#android.permission.CHANGE_NETWORK_STATE
ADDED from clouder-watch:clouder-common:unspecified:11:5
	android:name
		ADDED from clouder-watch:clouder-common:unspecified:11:22
uses-permission#android.permission.ACCESS_WIFI_STATE
ADDED from clouder-watch:clouder-common:unspecified:13:5
	android:name
		ADDED from clouder-watch:clouder-common:unspecified:13:22
uses-permission#android.permission.CHANGE_WIFI_STATE
ADDED from clouder-watch:clouder-common:unspecified:15:5
	android:name
		ADDED from clouder-watch:clouder-common:unspecified:15:22
activity#android.support.v7.widget.TestActivity
ADDED from com.android.support:recyclerview-v7:22.0.0:23:9
	android:label
		ADDED from com.android.support:recyclerview-v7:22.0.0:25:13
	android:name
		ADDED from com.android.support:recyclerview-v7:22.0.0:24:13